<?xml version="1.0" encoding="UTF-8"?>
<!-- Generated by org.testng.reporters.JUnitReportReporter -->
<testsuite skipped="0" hostname="DESKTOP-IA0DLJF" name="test.java.com.pulse.Test.ValidLogin1" tests="2" failures="0" timestamp="15 Jul 2019 03:28:05 GMT" time="30.482" errors="0">
  <testcase name="TC1" time="22.383" classname="test.java.com.pulse.Test.ValidLogin1"/>
  <testcase name="TC2" time="8.099" classname="test.java.com.pulse.Test.ValidLogin1"/>
</testsuite> <!-- test.java.com.pulse.Test.ValidLogin1 -->
