<?xml version="1.0" encoding="UTF-8"?>
<!-- Generated by org.testng.reporters.JUnitReportReporter -->
<testsuite skipped="0" hostname="DESKTOP-IA0DLJF" name="test.java.com.pulse.Test.ValidLogin2" tests="2" failures="0" timestamp="15 Jul 2019 03:28:05 GMT" time="101.647" errors="0">
  <testcase name="TC3" time="55.042" classname="test.java.com.pulse.Test.ValidLogin2"/>
  <testcase name="TC4" time="46.605" classname="test.java.com.pulse.Test.ValidLogin2"/>
</testsuite> <!-- test.java.com.pulse.Test.ValidLogin2 -->
