<?xml version="1.0" encoding="UTF-8"?>
<!-- Generated by org.testng.reporters.JUnitReportReporter -->
<testsuite skipped="0" hostname="LAPTOP-76PGCCB3" name="com.pulse.Test.ValidLogin2" tests="2" failures="0" timestamp="22 Jan 2021 02:04:45 GMT" time="75.390" errors="0">
  <testcase name="TC4" time="41.216" classname="com.pulse.Test.ValidLogin2"/>
  <testcase name="TC3" time="34.174" classname="com.pulse.Test.ValidLogin2"/>
</testsuite> <!-- com.pulse.Test.ValidLogin2 -->
