<?xml version="1.0" encoding="UTF-8"?>
<!-- Generated by org.testng.reporters.JUnitReportReporter -->
<testsuite skipped="2" hostname="LAPTOP-76PGCCB3" name="com.pulse.Test.ValidLogin4" tests="2" failures="0" timestamp="08 May 2021 15:38:33 GMT" time="0.000" errors="0">
  <testcase name="TC7" time="0.000" classname="com.pulse.Test.ValidLogin4">
    <skipped/>
  </testcase> <!-- TC7 -->
  <testcase name="TC8" time="0.000" classname="com.pulse.Test.ValidLogin4">
    <skipped/>
  </testcase> <!-- TC8 -->
</testsuite> <!-- com.pulse.Test.ValidLogin4 -->
