<?xml version="1.0" encoding="UTF-8"?>
<!-- Generated by org.testng.reporters.JUnitReportReporter -->
<testsuite skipped="0" hostname="LAPTOP-76PGCCB3" name="com.pulse.Test.ValidLogin1" tests="2" failures="0" timestamp="22 Jan 2021 02:04:45 GMT" time="108.411" errors="0">
  <testcase name="TC1" time="19.961" classname="com.pulse.Test.ValidLogin1"/>
  <testcase name="TC2" time="88.450" classname="com.pulse.Test.ValidLogin1"/>
</testsuite> <!-- com.pulse.Test.ValidLogin1 -->
