<?xml version="1.0" encoding="UTF-8"?>
<!-- Generated by org.testng.reporters.JUnitReportReporter -->
<testsuite skipped="2" hostname="LAPTOP-76PGCCB3" name="com.pulse.Test.ValidLogin2" tests="2" failures="0" timestamp="08 May 2021 15:38:33 GMT" time="0.000" errors="0">
  <testcase name="TC3" time="0.000" classname="com.pulse.Test.ValidLogin2">
    <skipped/>
  </testcase> <!-- TC3 -->
  <testcase name="TC4" time="0.000" classname="com.pulse.Test.ValidLogin2">
    <skipped/>
  </testcase> <!-- TC4 -->
</testsuite> <!-- com.pulse.Test.ValidLogin2 -->
